<?xml version="1.0" encoding="UTF-8"?>
<!-- Generated by org.testng.reporters.JUnitReportReporter -->
<testsuite hostname="DESKTOP-RCO6D0F" name="com.qa.hubspot.tests.HomePageTest" tests="3" failures="0" timestamp="19 Jul 2020 10:12:19 GMT" time="28.702" errors="0">
  <testcase name="verifygetHomePageHeaderTest" time="28.628" classname="com.qa.hubspot.tests.HomePageTest"/>
  <testcase name="verifyLoggedinUserTest" time="0.060" classname="com.qa.hubspot.tests.HomePageTest"/>
  <testcase name="verifyhomePageTitleTest" time="0.014" classname="com.qa.hubspot.tests.HomePageTest"/>
</testsuite> <!-- com.qa.hubspot.tests.HomePageTest -->
