<?xml version="1.0" encoding="UTF-8"?>
<!-- Generated by org.testng.reporters.JUnitReportReporter -->
<testsuite hostname="DESKTOP-RCO6D0F" name="com.qa.hubspot.tests.LoginPageTest" tests="3" failures="0" timestamp="27 Jun 2020 20:13:00 GMT" time="7.572" errors="0">
  <testcase name="verifyDoLogin" time="0.635" classname="com.qa.hubspot.tests.LoginPageTest"/>
  <testcase name="verifySignUplinkTest" time="6.930" classname="com.qa.hubspot.tests.LoginPageTest"/>
  <testcase name="verifyLoginPageTitleTest" time="0.007" classname="com.qa.hubspot.tests.LoginPageTest"/>
</testsuite> <!-- com.qa.hubspot.tests.LoginPageTest -->
