<?xml version="1.0" encoding="UTF-8"?>
<!-- Generated by org.testng.reporters.JUnitReportReporter -->
<testsuite hostname="DESKTOP-RCO6D0F" name="com.qa.hubspot.tests.LoginPageTest" tests="3" failures="0" timestamp="19 Jul 2020 10:12:19 GMT" time="19.525" errors="0">
  <testcase name="verifySignUplinkTest" time="18.905" classname="com.qa.hubspot.tests.LoginPageTest"/>
  <testcase name="verifyLoginPageTitleTest" time="0.015" classname="com.qa.hubspot.tests.LoginPageTest"/>
  <testcase name="verifyDoLogin" time="0.605" classname="com.qa.hubspot.tests.LoginPageTest"/>
</testsuite> <!-- com.qa.hubspot.tests.LoginPageTest -->
