<?xml version="1.0" encoding="UTF-8"?>
<!-- Generated by org.testng.reporters.JUnitReportReporter -->
<testsuite hostname="DESKTOP-RCO6D0F" name="com.qa.hubspot.tests.HomePageTest" tests="3" failures="0" timestamp="27 Jun 2020 20:13:00 GMT" time="5.072" errors="0">
  <testcase name="verifyLoggedinUserTest" time="0.058" classname="com.qa.hubspot.tests.HomePageTest"/>
  <testcase name="verifyhomePageTitleTest" time="0.005" classname="com.qa.hubspot.tests.HomePageTest"/>
  <testcase name="verifygetHomePageHeaderTest" time="5.009" classname="com.qa.hubspot.tests.HomePageTest"/>
</testsuite> <!-- com.qa.hubspot.tests.HomePageTest -->
