<?xml version="1.0" encoding="UTF-8"?>
<!-- Generated by org.testng.reporters.JUnitReportReporter -->
<testsuite hostname="DESKTOP-RCO6D0F" name="com.qa.hubspot.tests.LoginPageTest" tests="3" failures="0" timestamp="5 Jul 2020 16:40:30 GMT" time="8.302" errors="0">
  <testcase name="verifyDoLogin" time="1.842" classname="com.qa.hubspot.tests.LoginPageTest"/>
  <testcase name="verifySignUplinkTest" time="6.406" classname="com.qa.hubspot.tests.LoginPageTest"/>
  <testcase name="verifyLoginPageTitleTest" time="0.054" classname="com.qa.hubspot.tests.LoginPageTest"/>
</testsuite> <!-- com.qa.hubspot.tests.LoginPageTest -->
