<?xml version="1.0" encoding="UTF-8"?>
<!-- Generated by org.testng.reporters.JUnitReportReporter -->
<testsuite hostname="DESKTOP-RCO6D0F" name="com.qa.hubspot.tests.HomePageTest" tests="3" failures="0" timestamp="6 Jul 2020 19:54:11 GMT" time="7.010" errors="0">
  <testcase name="verifygetHomePageHeaderTest" time="6.876" classname="com.qa.hubspot.tests.HomePageTest"/>
  <testcase name="verifyLoggedinUserTest" time="0.116" classname="com.qa.hubspot.tests.HomePageTest"/>
  <testcase name="verifyhomePageTitleTest" time="0.018" classname="com.qa.hubspot.tests.HomePageTest"/>
</testsuite> <!-- com.qa.hubspot.tests.HomePageTest -->
