<?xml version="1.0" encoding="UTF-8"?>
<!-- Generated by org.testng.reporters.JUnitReportReporter -->
<testsuite hostname="DESKTOP-RCO6D0F" name="com.qa.hubspot.tests.ContactsPageTest" tests="2" failures="0" timestamp="6 Jul 2020 19:56:32 GMT" time="4.644" errors="0">
  <testcase name="createContactstest" time="4.000" classname="com.qa.hubspot.tests.ContactsPageTest"/>
  <testcase name="verifyContactsTitleTest" time="0.644" classname="com.qa.hubspot.tests.ContactsPageTest"/>
</testsuite> <!-- com.qa.hubspot.tests.ContactsPageTest -->
