<?xml version="1.0" encoding="UTF-8"?>
<!-- Generated by org.testng.reporters.JUnitReportReporter -->
<testsuite hostname="DESKTOP-RCO6D0F" name="com.qa.hubspot.tests.LoginPageTest" tests="3" failures="0" timestamp="29 Jun 2020 15:01:48 GMT" time="8.812" errors="0">
  <testcase name="verifyLoginPageTitleTest" time="0.006" classname="com.qa.hubspot.tests.LoginPageTest"/>
  <testcase name="verifySignUplinkTest" time="7.227" classname="com.qa.hubspot.tests.LoginPageTest"/>
  <testcase name="verifyDoLogin" time="1.579" classname="com.qa.hubspot.tests.LoginPageTest"/>
</testsuite> <!-- com.qa.hubspot.tests.LoginPageTest -->
