<?xml version="1.0" encoding="UTF-8"?>
<!-- Generated by org.testng.reporters.JUnitReportReporter -->
<testsuite hostname="DESKTOP-RCO6D0F" name="com.qa.hubspot.tests.HomePageTest" tests="3" failures="0" timestamp="18 Jul 2020 15:32:04 GMT" time="6.486" errors="0">
  <testcase name="verifyhomePageTitleTest" time="0.013" classname="com.qa.hubspot.tests.HomePageTest"/>
  <testcase name="verifygetHomePageHeaderTest" time="6.412" classname="com.qa.hubspot.tests.HomePageTest"/>
  <testcase name="verifyLoggedinUserTest" time="0.061" classname="com.qa.hubspot.tests.HomePageTest"/>
</testsuite> <!-- com.qa.hubspot.tests.HomePageTest -->
