<?xml version="1.0" encoding="UTF-8"?>
<!-- Generated by org.testng.reporters.JUnitReportReporter -->
<testsuite hostname="DESKTOP-RCO6D0F" name="com.qa.hubspot.tests.LoginPageTest" tests="3" failures="0" timestamp="18 Jul 2020 15:32:04 GMT" time="21.200" errors="0">
  <testcase name="verifySignUplinkTest" time="10.594" classname="com.qa.hubspot.tests.LoginPageTest"/>
  <testcase name="verifyDoLogin" time="10.574" classname="com.qa.hubspot.tests.LoginPageTest"/>
  <testcase name="verifyLoginPageTitleTest" time="0.032" classname="com.qa.hubspot.tests.LoginPageTest"/>
</testsuite> <!-- com.qa.hubspot.tests.LoginPageTest -->
